[0.106s] Invoking command in '/home/taj71/practic_ws/build/ur5_gripper_moveit_config': /usr/bin/cmake --build /home/taj71/practic_ws/build/ur5_gripper_moveit_config -- -j8 -l8
[0.203s] -- Found ament_cmake: 2.0.7 (/opt/ros/iron/share/ament_cmake/cmake)
[0.688s] -- Found ament_lint_auto: 0.14.4 (/opt/ros/iron/share/ament_lint_auto/cmake)
[0.821s] Error parsing '/home/taj71/practic_ws/src/ur5_gripper_moveit_config/package.xml':
[0.985s] Traceback (most recent call last):
[0.986s]   File "/opt/ros/iron/share/ament_cmake_core/cmake/core/package_xml_2_cmake.py", line 150, in <module>
[1.016s]     main()
[1.017s]   File "/opt/ros/iron/share/ament_cmake_core/cmake/core/package_xml_2_cmake.py", line 53, in main
[1.017s]     raise e
[1.018s]   File "/opt/ros/iron/share/ament_cmake_core/cmake/core/package_xml_2_cmake.py", line 49, in main
[1.018s]     package = parse_package_string(
[1.019s]   File "/usr/lib/python3/dist-packages/catkin_pkg/package.py", line 786, in parse_package_string
[1.019s]     raise InvalidPackage('Error(s):%s' % (''.join(['\n- %s' % e for e in errors])), filename)
[1.019s] catkin_pkg.package.InvalidPackage: Error(s) in package '/home/taj71/practic_ws/src/ur5_gripper_moveit_config/package.xml':
[1.020s] Error(s):
[1.020s] - The generic dependency on 'xacro' is redundant with: exec_depend
[1.048s] -- Configuring incomplete, errors occurred!
[1.049s] See also "/home/taj71/practic_ws/build/ur5_gripper_moveit_config/CMakeFiles/CMakeOutput.log".
[1.049s] [31mCMake Error at /opt/ros/iron/share/ament_cmake_core/cmake/core/ament_package_xml.cmake:95 (message):
[1.050s]   execute_process(/usr/bin/python3.10
[1.050s]   /opt/ros/iron/share/ament_cmake_core/cmake/core/package_xml_2_cmake.py
[1.050s]   /home/taj71/practic_ws/src/ur5_gripper_moveit_config/package.xml
[1.051s]   /home/taj71/practic_ws/build/ur5_gripper_moveit_config/ament_cmake_core/package.cmake)
[1.051s]   returned error code 1
[1.052s] Call Stack (most recent call first):
[1.052s]   /opt/ros/iron/share/ament_cmake_core/cmake/core/ament_package_xml.cmake:49 (_ament_package_xml)
[1.054s]   /opt/ros/iron/share/ament_lint_auto/cmake/ament_lint_auto_find_test_dependencies.cmake:31 (ament_package_xml)
[1.054s]   CMakeLists.txt:14 (ament_lint_auto_find_test_dependencies)
[1.054s] 
[1.055s] [0m
[1.056s] gmake: *** [Makefile:226: cmake_check_build_system] Error 1
[1.071s] Invoked command in '/home/taj71/practic_ws/build/ur5_gripper_moveit_config' returned '2': /usr/bin/cmake --build /home/taj71/practic_ws/build/ur5_gripper_moveit_config -- -j8 -l8
